<?xml version="1.0" encoding="UTF-8"?>
<!-- Generated by org.testng.reporters.JUnitReportReporter -->
<testsuite hostname="LAPTOP-P3ME58TE" name="Soap.TestRunner2" tests="1" failures="0" timestamp="10 Sep 2020 02:26:09 GMT" time="0.032" errors="0">
  <testcase name="singleTest" time="0.032" classname="Soap.TestRunner2"/>
</testsuite> <!-- Soap.TestRunner2 -->
