<?xml version="1.0" encoding="UTF-8"?>
<!-- Generated by org.testng.reporters.JUnitReportReporter -->
<testsuite hostname="LAPTOP-P3ME58TE" name="TestRunner2" tests="1" failures="0" timestamp="8 Sep 2020 04:40:14 GMT" time="3.851" errors="0">
  <testcase name="singleTest" time="3.851" classname="TestRunner2"/>
</testsuite> <!-- TestRunner2 -->
