<?xml version="1.0" encoding="UTF-8"?>
<!-- Generated by org.testng.reporters.JUnitReportReporter -->
<testsuite hostname="LAPTOP-P3ME58TE" name="TestRunner" tests="1" failures="0" timestamp="8 Sep 2020 04:39:43 GMT" time="3.980" errors="0">
  <testcase name="soapTest" time="3.980" classname="TestRunner"/>
</testsuite> <!-- TestRunner -->
