<?xml version="1.0" encoding="UTF-8"?>
<!-- Generated by org.testng.reporters.JUnitReportReporter -->
<testsuite hostname="LAPTOP-P3ME58TE" name="RestRunner2" tests="1" failures="0" timestamp="9 Sep 2020 02:36:11 GMT" time="6.651" errors="0">
  <testcase name="singleRun" time="6.651" classname="RestRunner2"/>
</testsuite> <!-- RestRunner2 -->
