<?xml version="1.0" encoding="UTF-8"?>
<!-- Generated by org.testng.reporters.JUnitReportReporter -->
<testsuite hostname="LAPTOP-P3ME58TE" name="RestRunner" tests="1" failures="0" timestamp="8 Sep 2020 04:48:31 GMT" time="4.497" errors="0">
  <testcase name="restAPIRun" time="4.497" classname="RestRunner"/>
</testsuite> <!-- RestRunner -->
